<?xml version="1.0" encoding="UTF-8"?>
<!-- Generated by org.testng.reporters.JUnitReportReporter -->
<testsuite skipped="0" hostname="QT-INBG-LT0615" name="tests.BaseClass" tests="1" failures="0" timestamp="2020-04-26T16:00:35 IST" time="0.000" errors="0">
  <testcase name="firsttest" time="0.000" classname="tests.BaseClass"/>
  <system-out/>
</testsuite> <!-- tests.BaseClass -->
